time="2023-04-04T12:58:06+03:00" level=info msg="Init router" func="main.main()" file="app.go:19"
time="2023-04-04T12:58:06+03:00" level=info msg="create config..." func="test3/internal/config.GetConfig.func1()" file="config.go:24"
time="2023-04-04T12:58:06+03:00" level=info msg="Init user handler" func="main.main()" file="app.go:24"
time="2023-04-04T12:58:06+03:00" level=info msg="start server" func="main.main()" file="app.go:28"
time="2023-04-04T12:58:06+03:00" level=info msg="server listen on: %s:%s0.0.0.010000" func="main.start()" file="app.go:51"
time="2023-04-04T12:59:35+03:00" level=info msg="Init router" func="main.main()" file="app.go:19"
time="2023-04-04T12:59:35+03:00" level=info msg="create config..." func="test3/internal/config.GetConfig.func1()" file="config.go:24"
time="2023-04-04T12:59:35+03:00" level=info msg="Init user handler" func="main.main()" file="app.go:24"
time="2023-04-04T12:59:35+03:00" level=info msg="start server" func="main.main()" file="app.go:28"
time="2023-04-04T12:59:35+03:00" level=info msg="appDir path: D:\\Programming\\training\\goland-projects\\rest-project\\build\n" func="main.start()" file="app.go:39"
time="2023-04-04T12:59:35+03:00" level=info msg="create socket" func="main.start()" file="app.go:45"
time="2023-04-04T12:59:35+03:00" level=debug msg="server listen on socket path: D:\\Programming\\training\\goland-projects\\rest-project\\build/app.sock" func="main.start()" file="app.go:47"
time="2023-04-04T13:03:54+03:00" level=info msg="Init router" func="main.main()" file="app.go:19"
time="2023-04-04T13:03:54+03:00" level=info msg="create config..." func="test3/internal/config.GetConfig.func1()" file="config.go:24"
time="2023-04-04T13:03:54+03:00" level=info msg="Init user handler" func="main.main()" file="app.go:24"
time="2023-04-04T13:03:54+03:00" level=info msg="start server" func="main.main()" file="app.go:28"
time="2023-04-04T13:03:54+03:00" level=info msg="appDir path: D:\\Programming\\training\\goland-projects\\rest-project\\build\n" func="main.start()" file="app.go:39"
time="2023-04-04T13:03:54+03:00" level=info msg="create socket" func="main.start()" file="app.go:45"
time="2023-04-04T13:03:54+03:00" level=debug msg="server listen on socket path: D:\\Programming\\training\\goland-projects\\rest-project\\build/app.sock" func="main.start()" file="app.go:47"
time="2023-04-04T13:03:54+03:00" level=fatal msg="listen unix D:\\Programming\\training\\goland-projects\\rest-project\\build/app.sock: bind: Only one usage of each socket address (protocol/network address/port) is normally permitted." func="main.start()" file="app.go:56"
time="2023-04-04T13:05:19+03:00" level=info msg="Init router" func="main.main()" file="app.go:19"
time="2023-04-04T13:05:35+03:00" level=info msg="create config..." func="test3/internal/config.GetConfig.func1()" file="config.go:24"
time="2023-04-04T13:11:48+03:00" level=info msg="Init user handler" func="main.main()" file="app.go:24"
time="2023-04-04T13:11:48+03:00" level=info msg="start server" func="main.main()" file="app.go:28"
time="2023-04-04T13:11:48+03:00" level=info msg="appDir path: D:\\Programming\\training\\goland-projects\\rest-project\\build\n" func="main.start()" file="app.go:39"
time="2023-04-04T13:11:48+03:00" level=info msg="create socket" func="main.start()" file="app.go:45"
time="2023-04-04T13:11:48+03:00" level=debug msg="server listen on socket path: D:\\Programming\\training\\goland-projects\\rest-project\\build/app.sock" func="main.start()" file="app.go:47"
time="2023-04-04T13:11:48+03:00" level=fatal msg="listen unix D:\\Programming\\training\\goland-projects\\rest-project\\build/app.sock: bind: Only one usage of each socket address (protocol/network address/port) is normally permitted." func="main.start()" file="app.go:56"
time="2023-04-05T20:58:59+03:00" level=info msg="Init router" func="main.main()" file="app.go:22"
time="2023-04-05T21:00:29+03:00" level=info msg="create config..." func="test3/internal/config.GetConfig.func1()" file="config.go:33"
time="2023-04-05T21:01:14+03:00" level=debug msg="create user" func="test3/internal/user/db.(*db).Create()" file="mongodb.go:19"
time="2023-04-05T21:01:14+03:00" level=debug msg="try to convert" func="test3/internal/user/db.(*db).Create()" file="mongodb.go:27"
time="2023-04-05T21:01:19+03:00" level=info msg=642db76ab0a3454f8980608a func="main.main()" file="app.go:47"
time="2023-04-05T21:02:18+03:00" level=info msg="Init user handler" func="main.main()" file="app.go:49"
time="2023-04-05T21:02:21+03:00" level=info msg="start server" func="main.main()" file="app.go:53"
time="2023-04-05T21:02:21+03:00" level=info msg="appDir path: D:\\Programming\\training\\goland-projects\\rest-project\\build\n" func="main.start()" file="app.go:64"
time="2023-04-05T21:02:21+03:00" level=info msg="create socket" func="main.start()" file="app.go:70"
time="2023-04-05T21:02:21+03:00" level=debug msg="server listen on socket path: D:\\Programming\\training\\goland-projects\\rest-project\\build/app.sock" func="main.start()" file="app.go:72"
time="2023-04-05T21:02:21+03:00" level=fatal msg="listen unix D:\\Programming\\training\\goland-projects\\rest-project\\build/app.sock: bind: Only one usage of each socket address (protocol/network address/port) is normally permitted." func="main.start()" file="app.go:81"
time="2023-04-05T21:10:18+03:00" level=info msg="Init router" func="main.main()" file="app.go:22"
time="2023-04-05T21:10:21+03:00" level=info msg="create config..." func="test3/internal/config.GetConfig.func1()" file="config.go:33"
time="2023-04-05T21:10:41+03:00" level=debug msg="create user" func="test3/internal/user/db.(*db).Create()" file="mongodb.go:19"
time="2023-04-05T21:10:41+03:00" level=debug msg="try to convert" func="test3/internal/user/db.(*db).Create()" file="mongodb.go:27"
time="2023-04-05T21:10:56+03:00" level=debug msg="create user" func="test3/internal/user/db.(*db).Create()" file="mongodb.go:19"
time="2023-04-05T21:10:56+03:00" level=debug msg="try to convert" func="test3/internal/user/db.(*db).Create()" file="mongodb.go:27"
time="2023-04-05T21:11:17+03:00" level=info msg=642db9a1062ea106fbbb5d89 func="main.main()" file="app.go:59"
time="2023-04-05T21:11:17+03:00" level=info msg=642db9b0062ea106fbbb5d8a func="main.main()" file="app.go:60"
time="2023-04-05T21:11:34+03:00" level=info msg="{642db9a1062ea106fbbb5d89 alexey2 1234534 alexey2@mail.ru}" func="main.main()" file="app.go:66"
time="2023-04-05T21:11:44+03:00" level=trace msg="matched 1 docs and Modified 1 docs" func="test3/internal/user/db.(*db).Update()" file="mongodb.go:91"
time="2023-04-05T21:11:53+03:00" level=trace msg="deleted 1 docs" func="test3/internal/user/db.(*db).Delete()" file="mongodb.go:113"
time="2023-04-05T21:12:09+03:00" level=info msg="Init user handler" func="main.main()" file="app.go:79"
time="2023-04-05T21:12:13+03:00" level=info msg="start server" func="main.main()" file="app.go:83"
time="2023-04-05T21:12:13+03:00" level=info msg="appDir path: D:\\Programming\\training\\goland-projects\\rest-project\\build\n" func="main.start()" file="app.go:94"
time="2023-04-05T21:12:13+03:00" level=info msg="create socket" func="main.start()" file="app.go:100"
time="2023-04-05T21:12:13+03:00" level=debug msg="server listen on socket path: D:\\Programming\\training\\goland-projects\\rest-project\\build/app.sock" func="main.start()" file="app.go:102"
time="2023-04-05T21:12:13+03:00" level=fatal msg="listen unix D:\\Programming\\training\\goland-projects\\rest-project\\build/app.sock: bind: Only one usage of each socket address (protocol/network address/port) is normally permitted." func="main.start()" file="app.go:111"
time="2023-04-05T21:19:59+03:00" level=info msg="Init router" func="main.main()" file="app.go:22"
time="2023-04-05T21:20:02+03:00" level=info msg="create config..." func="test3/internal/config.GetConfig.func1()" file="config.go:33"
time="2023-04-05T21:20:27+03:00" level=info msg="Init user handler" func="main.main()" file="app.go:40"
time="2023-04-05T21:20:27+03:00" level=info msg="start server" func="main.main()" file="app.go:44"
time="2023-04-05T21:20:28+03:00" level=info msg="appDir path: D:\\Programming\\training\\goland-projects\\rest-project\\build\n" func="main.start()" file="app.go:55"
time="2023-04-05T21:20:28+03:00" level=info msg="create socket" func="main.start()" file="app.go:61"
time="2023-04-05T21:20:28+03:00" level=debug msg="server listen on socket path: D:\\Programming\\training\\goland-projects\\rest-project\\build/app.sock" func="main.start()" file="app.go:63"
time="2023-04-05T21:20:28+03:00" level=fatal msg="listen unix D:\\Programming\\training\\goland-projects\\rest-project\\build/app.sock: bind: Only one usage of each socket address (protocol/network address/port) is normally permitted." func="main.start()" file="app.go:72"
time="2023-04-05T21:20:56+03:00" level=info msg="Init router" func="main.main()" file="app.go:22"
time="2023-04-05T21:21:00+03:00" level=info msg="create config..." func="test3/internal/config.GetConfig.func1()" file="config.go:33"
time="2023-04-05T21:22:51+03:00" level=info msg="[{642db76ab0a3454f8980608a alexey 12345 alexey@mail.ru} {642db9a1062ea106fbbb5d89 dima34 1234534 alexey2@mail.ru}]" func="main.main()" file="app.go:42"
time="2023-04-05T21:22:51+03:00" level=info msg="Init user handler" func="main.main()" file="app.go:44"
time="2023-04-05T21:22:52+03:00" level=info msg="start server" func="main.main()" file="app.go:48"
time="2023-04-05T21:22:52+03:00" level=info msg="appDir path: D:\\Programming\\training\\goland-projects\\rest-project\\build\n" func="main.start()" file="app.go:59"
time="2023-04-05T21:22:52+03:00" level=info msg="create socket" func="main.start()" file="app.go:65"
time="2023-04-05T21:22:52+03:00" level=debug msg="server listen on socket path: D:\\Programming\\training\\goland-projects\\rest-project\\build/app.sock" func="main.start()" file="app.go:67"
time="2023-04-05T21:22:52+03:00" level=fatal msg="listen unix D:\\Programming\\training\\goland-projects\\rest-project\\build/app.sock: bind: Only one usage of each socket address (protocol/network address/port) is normally permitted." func="main.start()" file="app.go:76"
